#
# There is insufficient memory for the Java Runtime Environment to continue.
# Native memory allocation (malloc) failed to allocate 32744 bytes for ChunkPool::allocate
# Possible reasons:
#   The system is out of physical RAM or swap space
#   In 32 bit mode, the process size limit was hit
# Possible solutions:
#   Reduce memory load on the system
#   Increase physical memory or swap space
#   Check if swap backing store is full
#   Use 64 bit Java on a 64 bit OS
#   Decrease Java heap size (-Xmx/-Xms)
#   Decrease number of Java threads
#   Decrease Java thread stack sizes (-Xss)
#   Set larger code cache with -XX:ReservedCodeCacheSize=
# This output file may be truncated or incomplete.
#
#  Out of Memory Error (allocation.cpp:271), pid=8024, tid=7072
#
# JRE version: Java(TM) SE Runtime Environment (8.0_05-b13) (build 1.8.0_05-b13)
# Java VM: Java HotSpot(TM) 64-Bit Server VM (25.5-b02 mixed mode windows-amd64 compressed oops)
# Failed to write core dump. Minidumps are not enabled by default on client versions of Windows
#

---------------  T H R E A D  ---------------

Current thread (0x00000000566b4800):  JavaThread "C2 CompilerThread0" daemon [_thread_in_vm, id=7072, stack(0x0000000012810000,0x0000000012910000)]

Stack: [0x0000000012810000,0x0000000012910000]
Native frames: (J=compiled Java code, j=interpreted, Vv=VM code, C=native code)
V  [jvm.dll+0x308dea]


Current CompileTask:
C2:2859564 9180       4       sun.reflect.ClassFileAssembler::emitConstantPoolNameAndType (28 bytes)


---------------  P R O C E S S  ---------------

Java Threads: ( => current thread )
  0x000000005999d800 JavaThread "stdout" [_thread_in_native, id=6092, stack(0x00000000605c0000,0x00000000606c0000)]
  0x000000005999d000 JavaThread "stderr" [_thread_in_native, id=9000, stack(0x0000000062bf0000,0x0000000062cf0000)]
  0x000000005a08f800 JavaThread "stdout" [_thread_in_native, id=7048, stack(0x0000000062a90000,0x0000000062b90000)]
  0x000000005a08f000 JavaThread "stderr" [_thread_blocked, id=5972, stack(0x00000000623f0000,0x00000000624f0000)]
  0x000000005a08e000 JavaThread "pool-5-thread-3" [_thread_blocked, id=2788, stack(0x0000000062980000,0x0000000062a80000)]
  0x000000005a08d800 JavaThread "pool-5-thread-2" [_thread_blocked, id=6376, stack(0x000000005e5c0000,0x000000005e6c0000)]
  0x000000005a08c800 JavaThread "pool-5-thread-1" [_thread_blocked, id=3572, stack(0x0000000061060000,0x0000000061160000)]
  0x000000005a08b000 JavaThread "Stdin handler" [_thread_blocked, id=5404, stack(0x000000005a420000,0x000000005a520000)]
  0x000000005a089800 JavaThread "Handler for socket connection at /127.0.0.1:52437 with /127.0.0.1:53543" [_thread_in_native, id=6048, stack(0x00000000603b0000,0x00000000604b0000)]
  0x000000005a089000 JavaThread "Daemon Thread 3" [_thread_blocked, id=3512, stack(0x0000000058ea0000,0x0000000058fa0000)]
  0x0000000059c37000 JavaThread "File lock request listener" [_thread_in_native, id=5388, stack(0x000000005bb70000,0x000000005bc70000)]
  0x0000000058b1e800 JavaThread "Incoming local TCP Connector on port 52437" [_thread_in_native, id=7808, stack(0x0000000057f10000,0x0000000058010000)]
  0x0000000056757800 JavaThread "Service Thread" daemon [_thread_blocked, id=8084, stack(0x00000000581b0000,0x00000000582b0000)]
  0x00000000566f2000 JavaThread "C1 CompilerThread3" daemon [_thread_blocked, id=5788, stack(0x00000000582b0000,0x00000000583b0000)]
  0x000000005560f000 JavaThread "C2 CompilerThread2" daemon [_thread_blocked, id=7936, stack(0x0000000058040000,0x0000000058140000)]
  0x000000005560d800 JavaThread "C2 CompilerThread1" daemon [_thread_blocked, id=7872, stack(0x0000000057e10000,0x0000000057f10000)]
=>0x00000000566b4800 JavaThread "C2 CompilerThread0" daemon [_thread_in_vm, id=7072, stack(0x0000000012810000,0x0000000012910000)]
  0x00000000566af800 JavaThread "Attach Listener" daemon [_thread_blocked, id=548, stack(0x0000000057c90000,0x0000000057d90000)]
  0x00000000566bf800 JavaThread "Signal Dispatcher" daemon [_thread_blocked, id=6924, stack(0x0000000057b10000,0x0000000057c10000)]
  0x000000000221f000 JavaThread "Finalizer" daemon [_thread_blocked, id=6672, stack(0x0000000057980000,0x0000000057a80000)]
  0x00000000555f4800 JavaThread "Reference Handler" daemon [_thread_blocked, id=8960, stack(0x0000000057860000,0x0000000057960000)]
  0x000000000211f000 JavaThread "main" [_thread_blocked, id=8408, stack(0x0000000002270000,0x0000000002370000)]

Other Threads:
  0x0000000056663000 VMThread [stack: 0x00000000576b0000,0x00000000577b0000] [id=8684]
  0x0000000056758000 WatcherThread [stack: 0x00000000583c0000,0x00000000584c0000] [id=8188]

VM state:synchronizing (normal execution)

VM Mutex/Monitor currently owned by a thread:  ([mutex/lock_event])
[0x000000000211d880] Threads_lock - owner thread: 0x0000000056663000

Heap:
 PSYoungGen      total 279040K, used 132773K [0x00000000eab00000, 0x00000000ff800000, 0x0000000100000000)
  eden space 245760K, 54% used [0x00000000eab00000,0x00000000f2ca94e0,0x00000000f9b00000)
  from space 33280K, 0% used [0x00000000f9b00000,0x00000000f9b00000,0x00000000fbb80000)
  to   space 43520K, 0% used [0x00000000fcd80000,0x00000000fcd80000,0x00000000ff800000)
 ParOldGen       total 86016K, used 60496K [0x00000000c0000000, 0x00000000c5400000, 0x00000000eab00000)
  object space 86016K, 70% used [0x00000000c0000000,0x00000000c3b142f8,0x00000000c5400000)
 Metaspace       used 58117K, capacity 59554K, committed 74368K, reserved 1112064K
  class space    used 7616K, capacity 8100K, committed 11904K, reserved 1048576K

Card table byte_map: [0x0000000011aa0000,0x0000000011cb0000] byte_map_base: 0x00000000114a0000

Marking Bits: (ParMarkBitMap*) 0x00000000640613b0
 Begin Bits: [0x0000000012a10000, 0x0000000013a10000)
 End Bits:   [0x0000000013a10000, 0x0000000014a10000)

Polling page: 0x0000000000130000

CodeCache: size=245760Kb used=27964Kb max_used=28524Kb free=217795Kb
 bounds [0x00000000026e0000, 0x0000000004350000, 0x00000000116e0000]
 total_blobs=8132 nmethods=7428 adapters=616
 compilation: enabled

Compilation events (10 events):
Event: 2849.817 Thread 0x00000000566f2000 9176       3       com.google.common.base.Preconditions::checkState (17 bytes)
Event: 2849.817 Thread 0x00000000566b4800 nmethod 9174 0x00000000032e3590 code [0x00000000032e36c0, 0x00000000032e3718]
Event: 2849.818 Thread 0x00000000566f2000 nmethod 9176 0x0000000003724610 code [0x00000000037247a0, 0x0000000003724b18]
Event: 2849.819 Thread 0x000000005560f000 9177       4       java.lang.Class::copyFields (36 bytes)
Event: 2849.830 Thread 0x000000005560f000 nmethod 9177 0x0000000003c64450 code [0x0000000003c645c0, 0x0000000003c64938]
Event: 2849.909 Thread 0x00000000566f2000 9179       3       com.google.common.hash.MessageDigestHashFunction$MessageDigestHasher::checkNotDone (18 bytes)
Event: 2849.909 Thread 0x00000000566f2000 nmethod 9179 0x00000000031e6b50 code [0x00000000031e6ce0, 0x00000000031e70a8]
Event: 2849.909 Thread 0x00000000566f2000 9178       3       com.google.common.hash.MessageDigestHashFunction$MessageDigestHasher::update (15 bytes)
Event: 2849.910 Thread 0x00000000566f2000 nmethod 9178 0x00000000040f4610 code [0x00000000040f47c0, 0x00000000040f4c58]
Event: 2858.590 Thread 0x00000000566b4800 9180       4       sun.reflect.ClassFileAssembler::emitConstantPoolNameAndType (28 bytes)

GC Heap History (10 events):
Event: 146.604 GC heap before
{Heap before GC invocations=41 (full 8):
 PSYoungGen      total 276480K, used 17405K [0x00000000eab00000, 0x00000000fdb80000, 0x0000000100000000)
  eden space 249344K, 2% used [0x00000000eab00000,0x00000000eb23c268,0x00000000f9e80000)
  from space 27136K, 36% used [0x00000000fc100000,0x00000000fcac3320,0x00000000fdb80000)
  to   space 31232K, 0% used [0x00000000f9e80000,0x00000000f9e80000,0x00000000fbd00000)
 ParOldGen       total 101376K, used 81319K [0x00000000c0000000, 0x00000000c6300000, 0x00000000eab00000)
  object space 101376K, 80% used [0x00000000c0000000,0x00000000c4f69f68,0x00000000c6300000)
 Metaspace       used 54991K, capacity 58763K, committed 58880K, reserved 1099776K
  class space    used 7734K, capacity 9151K, committed 9216K, reserved 1048576K
Event: 146.635 GC heap after
Heap after GC invocations=41 (full 8):
 PSYoungGen      total 256512K, used 7008K [0x00000000eab00000, 0x00000000fd880000, 0x0000000100000000)
  eden space 249344K, 0% used [0x00000000eab00000,0x00000000eab00000,0x00000000f9e80000)
  from space 7168K, 97% used [0x00000000f9e80000,0x00000000fa558000,0x00000000fa580000)
  to   space 29696K, 0% used [0x00000000fbb80000,0x00000000fbb80000,0x00000000fd880000)
 ParOldGen       total 101376K, used 81327K [0x00000000c0000000, 0x00000000c6300000, 0x00000000eab00000)
  object space 101376K, 80% used [0x00000000c0000000,0x00000000c4f6bf68,0x00000000c6300000)
 Metaspace       used 54991K, capacity 58763K, committed 58880K, reserved 1099776K
  class space    used 7734K, capacity 9151K, committed 9216K, reserved 1048576K
}
Event: 146.635 GC heap before
{Heap before GC invocations=42 (full 9):
 PSYoungGen      total 256512K, used 7008K [0x00000000eab00000, 0x00000000fd880000, 0x0000000100000000)
  eden space 249344K, 0% used [0x00000000eab00000,0x00000000eab00000,0x00000000f9e80000)
  from space 7168K, 97% used [0x00000000f9e80000,0x00000000fa558000,0x00000000fa580000)
  to   space 29696K, 0% used [0x00000000fbb80000,0x00000000fbb80000,0x00000000fd880000)
 ParOldGen       total 101376K, used 81327K [0x00000000c0000000, 0x00000000c6300000, 0x00000000eab00000)
  object space 101376K, 80% used [0x00000000c0000000,0x00000000c4f6bf68,0x00000000c6300000)
 Metaspace       used 54991K, capacity 58763K, committed 58880K, reserved 1099776K
  class space    used 7734K, capacity 9151K, committed 9216K, reserved 1048576K
Event: 147.463 GC heap after
Heap after GC invocations=42 (full 9):
 PSYoungGen      total 256512K, used 0K [0x00000000eab00000, 0x00000000fd880000, 0x0000000100000000)
  eden space 249344K, 0% used [0x00000000eab00000,0x00000000eab00000,0x00000000f9e80000)
  from space 7168K, 0% used [0x00000000f9e80000,0x00000000f9e80000,0x00000000fa580000)
  to   space 29696K, 0% used [0x00000000fbb80000,0x00000000fbb80000,0x00000000fd880000)
 ParOldGen       total 101376K, used 83979K [0x00000000c0000000, 0x00000000c6300000, 0x00000000eab00000)
  object space 101376K, 82% used [0x00000000c0000000,0x00000000c5202df0,0x00000000c6300000)
 Metaspace       used 54991K, capacity 58763K, committed 58880K, reserved 1099776K
  class space    used 7734K, capacity 9151K, committed 9216K, reserved 1048576K
}
Event: 190.374 GC heap before
{Heap before GC invocations=43 (full 9):
 PSYoungGen      total 256512K, used 249344K [0x00000000eab00000, 0x00000000fd880000, 0x0000000100000000)
  eden space 249344K, 100% used [0x00000000eab00000,0x00000000f9e80000,0x00000000f9e80000)
  from space 7168K, 0% used [0x00000000f9e80000,0x00000000f9e80000,0x00000000fa580000)
  to   space 29696K, 0% used [0x00000000fbb80000,0x00000000fbb80000,0x00000000fd880000)
 ParOldGen       total 101376K, used 83979K [0x00000000c0000000, 0x00000000c6300000, 0x00000000eab00000)
  object space 101376K, 82% used [0x00000000c0000000,0x00000000c5202df0,0x00000000c6300000)
 Metaspace       used 60953K, capacity 65480K, committed 65664K, reserved 1103872K
  class space    used 8577K, capacity 10320K, committed 10368K, reserved 1048576K
Event: 190.408 GC heap after
Heap after GC invocations=43 (full 9):
 PSYoungGen      total 275456K, used 24533K [0x00000000eab00000, 0x00000000fec00000, 0x0000000100000000)
  eden space 245760K, 0% used [0x00000000eab00000,0x00000000eab00000,0x00000000f9b00000)
  from space 29696K, 82% used [0x00000000fbb80000,0x00000000fd3756d0,0x00000000fd880000)
  to   space 33280K, 0% used [0x00000000f9b00000,0x00000000f9b00000,0x00000000fbb80000)
 ParOldGen       total 101376K, used 83987K [0x00000000c0000000, 0x00000000c6300000, 0x00000000eab00000)
  object space 101376K, 82% used [0x00000000c0000000,0x00000000c5204df0,0x00000000c6300000)
 Metaspace       used 60953K, capacity 65480K, committed 65664K, reserved 1103872K
  class space    used 8577K, capacity 10320K, committed 10368K, reserved 1048576K
}
Event: 2839.866 GC heap before
{Heap before GC invocations=44 (full 9):
 PSYoungGen      total 275456K, used 270293K [0x00000000eab00000, 0x00000000fec00000, 0x0000000100000000)
  eden space 245760K, 100% used [0x00000000eab00000,0x00000000f9b00000,0x00000000f9b00000)
  from space 29696K, 82% used [0x00000000fbb80000,0x00000000fd3756d0,0x00000000fd880000)
  to   space 33280K, 0% used [0x00000000f9b00000,0x00000000f9b00000,0x00000000fbb80000)
 ParOldGen       total 101376K, used 83987K [0x00000000c0000000, 0x00000000c6300000, 0x00000000eab00000)
  object space 101376K, 82% used [0x00000000c0000000,0x00000000c5204df0,0x00000000c6300000)
 Metaspace       used 71112K, capacity 76294K, committed 76416K, reserved 1114112K
  class space    used 9934K, capacity 11840K, committed 11904K, reserved 1048576K
Event: 2839.919 GC heap after
Heap after GC invocations=44 (full 9):
 PSYoungGen      total 279040K, used 33263K [0x00000000eab00000, 0x00000000ff800000, 0x0000000100000000)
  eden space 245760K, 0% used [0x00000000eab00000,0x00000000eab00000,0x00000000f9b00000)
  from space 33280K, 99% used [0x00000000f9b00000,0x00000000fbb7bf10,0x00000000fbb80000)
  to   space 43520K, 0% used [0x00000000fcd80000,0x00000000fcd80000,0x00000000ff800000)
 ParOldGen       total 101376K, used 96623K [0x00000000c0000000, 0x00000000c6300000, 0x00000000eab00000)
  object space 101376K, 95% used [0x00000000c0000000,0x00000000c5e5bcc8,0x00000000c6300000)
 Metaspace       used 71112K, capacity 76294K, committed 76416K, reserved 1114112K
  class space    used 9934K, capacity 11840K, committed 11904K, reserved 1048576K
}
Event: 2839.919 GC heap before
{Heap before GC invocations=45 (full 10):
 PSYoungGen      total 279040K, used 33263K [0x00000000eab00000, 0x00000000ff800000, 0x0000000100000000)
  eden space 245760K, 0% used [0x00000000eab00000,0x00000000eab00000,0x00000000f9b00000)
  from space 33280K, 99% used [0x00000000f9b00000,0x00000000fbb7bf10,0x00000000fbb80000)
  to   space 43520K, 0% used [0x00000000fcd80000,0x00000000fcd80000,0x00000000ff800000)
 ParOldGen       total 101376K, used 96623K [0x00000000c0000000, 0x00000000c6300000, 0x00000000eab00000)
  object space 101376K, 95% used [0x00000000c0000000,0x00000000c5e5bcc8,0x00000000c6300000)
 Metaspace       used 71112K, capacity 76294K, committed 76416K, reserved 1114112K
  class space    used 9934K, capacity 11840K, committed 11904K, reserved 1048576K
Event: 2840.440 GC heap after
Heap after GC invocations=45 (full 10):
 PSYoungGen      total 279040K, used 0K [0x00000000eab00000, 0x00000000ff800000, 0x0000000100000000)
  eden space 245760K, 0% used [0x00000000eab00000,0x00000000eab00000,0x00000000f9b00000)
  from space 33280K, 0% used [0x00000000f9b00000,0x00000000f9b00000,0x00000000fbb80000)
  to   space 43520K, 0% used [0x00000000fcd80000,0x00000000fcd80000,0x00000000ff800000)
 ParOldGen       total 86016K, used 60496K [0x00000000c0000000, 0x00000000c5400000, 0x00000000eab00000)
  object space 86016K, 70% used [0x00000000c0000000,0x00000000c3b142f8,0x00000000c5400000)
 Metaspace       used 56711K, capacity 57897K, committed 74368K, reserved 1112064K
  class space    used 7347K, capacity 7716K, committed 11904K, reserved 1048576K
}

Deoptimization events (10 events):
Event: 2843.985 Thread 0x000000005a089000 Uncommon trap: reason=array_check action=maybe_recompile pc=0x0000000003d8239c method=java.util.TimSort.reverseRange([Ljava/lang/Object;II)V @ 27
Event: 2849.422 Thread 0x000000005a089000 Uncommon trap: reason=bimorphic action=maybe_recompile pc=0x00000000040a29b0 method=java.util.Collections.indexedBinarySearch(Ljava/util/List;Ljava/lang/Object;)I @ 39
Event: 2849.428 Thread 0x000000005a089000 Uncommon trap: reason=bimorphic action=maybe_recompile pc=0x000000000411b0e0 method=java.util.Collections.indexedBinarySearch(Ljava/util/List;Ljava/lang/Object;)I @ 39
Event: 2849.428 Thread 0x000000005a089000 Uncommon trap: reason=bimorphic action=maybe_recompile pc=0x00000000040a29b0 method=java.util.Collections.indexedBinarySearch(Ljava/util/List;Ljava/lang/Object;)I @ 39
Event: 2849.618 Thread 0x000000005a08d800 Uncommon trap: reason=unreached action=reinterpret pc=0x00000000028a3364 method=java.lang.ThreadLocal.get()Ljava/lang/Object; @ 11
Event: 2849.618 Thread 0x000000005a08e000 Uncommon trap: reason=unreached action=reinterpret pc=0x0000000002837730 method=org.codehaus.groovy.runtime.metaclass.MetaMethodIndex.getMethods(Ljava/lang/Class;Ljava/lang/String;)Lorg/codehaus/groovy/runtime/metaclass/MetaMethodIndex$Entry; @ 61
Event: 2849.618 Thread 0x000000005a08d800 Uncommon trap: reason=unreached action=reinterpret pc=0x0000000002837730 method=org.codehaus.groovy.runtime.metaclass.MetaMethodIndex.getMethods(Ljava/lang/Class;Ljava/lang/String;)Lorg/codehaus/groovy/runtime/metaclass/MetaMethodIndex$Entry; @ 61
Event: 2849.619 Thread 0x000000005a08e000 Uncommon trap: reason=unreached action=reinterpret pc=0x00000000031b98f0 method=java.lang.ThreadLocal.get()Ljava/lang/Object; @ 11
Event: 2849.656 Thread 0x000000005a08e000 Uncommon trap: reason=unreached action=reinterpret pc=0x0000000003462080 method=java.security.Provider$Service.getImplClass()Ljava/lang/Class; @ 6
Event: 2849.673 Thread 0x000000005a08e000 Uncommon trap: reason=unreached action=reinterpret pc=0x0000000003bab8a8 method=groovy.lang.MetaClassImpl.findPropertyMethod(Ljava/lang/Object;ZZ)Lgroovy/lang/MetaMethod; @ 95

Internal exceptions (10 events):
Event: 2849.823 Thread 0x000000005a08d800 Exception <a 'java/security/PrivilegedActionException'> (0x00000000f295e218) thrown at [D:\re\workspace\8-2-build-windows-amd64-cygwin\jdk8u5\2488\hotspot\src\share\vm\prims\jvm.cpp, line 1248]
Event: 2849.823 Thread 0x000000005a08d800 Exception <a 'java/security/PrivilegedActionException'> (0x00000000f295ec88) thrown at [D:\re\workspace\8-2-build-windows-amd64-cygwin\jdk8u5\2488\hotspot\src\share\vm\prims\jvm.cpp, line 1248]
Event: 2849.823 Thread 0x000000005a08d800 Exception <a 'java/security/PrivilegedActionException'> (0x00000000f295f7a8) thrown at [D:\re\workspace\8-2-build-windows-amd64-cygwin\jdk8u5\2488\hotspot\src\share\vm\prims\jvm.cpp, line 1248]
Event: 2849.824 Thread 0x000000005a08d800 Exception <a 'java/security/PrivilegedActionException'> (0x00000000f2964e40) thrown at [D:\re\workspace\8-2-build-windows-amd64-cygwin\jdk8u5\2488\hotspot\src\share\vm\prims\jvm.cpp, line 1248]
Event: 2849.824 Thread 0x000000005a08d800 Exception <a 'java/security/PrivilegedActionException'> (0x00000000f2969730) thrown at [D:\re\workspace\8-2-build-windows-amd64-cygwin\jdk8u5\2488\hotspot\src\share\vm\prims\jvm.cpp, line 1248]
Event: 2849.824 Thread 0x000000005a08d800 Exception <a 'java/security/PrivilegedActionException'> (0x00000000f2970ec0) thrown at [D:\re\workspace\8-2-build-windows-amd64-cygwin\jdk8u5\2488\hotspot\src\share\vm\prims\jvm.cpp, line 1248]
Event: 2849.824 Thread 0x000000005a08d800 Exception <a 'java/security/PrivilegedActionException'> (0x00000000f2978288) thrown at [D:\re\workspace\8-2-build-windows-amd64-cygwin\jdk8u5\2488\hotspot\src\share\vm\prims\jvm.cpp, line 1248]
Event: 2849.824 Thread 0x000000005a08d800 Exception <a 'java/security/PrivilegedActionException'> (0x00000000f2978900) thrown at [D:\re\workspace\8-2-build-windows-amd64-cygwin\jdk8u5\2488\hotspot\src\share\vm\prims\jvm.cpp, line 1248]
Event: 2858.591 Thread 0x000000005a08f000 Exception <a 'java/lang/NoSuchMethodError': <clinit>> (0x00000000f2ab2e28) thrown at [D:\re\workspace\8-2-build-windows-amd64-cygwin\jdk8u5\2488\hotspot\src\share\vm\prims\jni.cpp, line 1599]
Event: 2858.591 Thread 0x000000005a08f000 Exception <a 'java/lang/NoSuchMethodError': <clinit>> (0x00000000f2ab5d30) thrown at [D:\re\workspace\8-2-build-windows-amd64-cygwin\jdk8u5\2488\hotspot\src\share\vm\prims\jni.cpp, line 1599]

Events (10 events):
Event: 2849.823 loading class com/android/builder/internal/compiler/PreDexCache$Item
Event: 2849.823 loading class com/android/builder/internal/compiler/PreDexCache$Item done
Event: 2849.823 loading class com/android/builder/internal/compiler/PreDexCache$Item
Event: 2849.823 loading class com/android/builder/internal/compiler/PreDexCache$Item done
Event: 2849.908 Executing VM operation: RevokeBias
Event: 2849.908 Executing VM operation: RevokeBias done
Event: 2849.984 Thread 0x000000005a08f000 Thread added: 0x000000005a08f000
Event: 2849.985 Thread 0x000000005a08f800 Thread added: 0x000000005a08f800
Event: 2850.166 Thread 0x000000005999d000 Thread added: 0x000000005999d000
Event: 2850.166 Thread 0x000000005999d800 Thread added: 0x000000005999d800


Dynamic libraries:
0x000000013f9e0000 - 0x000000013fa14000 	C:\Program Files\Java\jdk1.8.0_05\bin\java.exe
0x0000000076e30000 - 0x0000000076fd9000 	C:\Windows\SYSTEM32\ntdll.dll
0x0000000076c10000 - 0x0000000076d2f000 	C:\Windows\system32\kernel32.dll
0x000007fefcd10000 - 0x000007fefcd7c000 	C:\Windows\system32\KERNELBASE.dll
0x000007fefeab0000 - 0x000007fefeb8b000 	C:\Windows\system32\ADVAPI32.dll
0x000007fefddb0000 - 0x000007fefde4f000 	C:\Windows\system32\msvcrt.dll
0x000007fefee70000 - 0x000007fefee8f000 	C:\Windows\SYSTEM32\sechost.dll
0x000007fefecf0000 - 0x000007fefee1d000 	C:\Windows\system32\RPCRT4.dll
0x0000000076d30000 - 0x0000000076e2a000 	C:\Windows\system32\USER32.dll
0x000007fefe9c0000 - 0x000007fefea27000 	C:\Windows\system32\GDI32.dll
0x000007fefe100000 - 0x000007fefe10e000 	C:\Windows\system32\LPK.dll
0x000007fefe030000 - 0x000007fefe0f9000 	C:\Windows\system32\USP10.dll
0x000007feface0000 - 0x000007fefaed4000 	C:\Windows\WinSxS\amd64_microsoft.windows.common-controls_6595b64144ccf1df_6.0.7601.17514_none_fa396087175ac9ac\COMCTL32.dll
0x000007fefe670000 - 0x000007fefe6e1000 	C:\Windows\system32\SHLWAPI.dll
0x000007fefde50000 - 0x000007fefde7e000 	C:\Windows\system32\IMM32.DLL
0x000007fefdf20000 - 0x000007fefe029000 	C:\Windows\system32\MSCTF.dll
0x00000000637d0000 - 0x00000000638a2000 	C:\Program Files\Java\jdk1.8.0_05\jre\bin\msvcr100.dll
0x00000000638b0000 - 0x00000000640da000 	C:\Program Files\Java\jdk1.8.0_05\jre\bin\server\jvm.dll
0x000007fef8980000 - 0x000007fef8989000 	C:\Windows\system32\WSOCK32.dll
0x000007fefee20000 - 0x000007fefee6d000 	C:\Windows\system32\WS2_32.dll
0x000007fefe660000 - 0x000007fefe668000 	C:\Windows\system32\NSI.dll
0x000007fef9060000 - 0x000007fef909b000 	C:\Windows\system32\WINMM.dll
0x0000000077000000 - 0x0000000077007000 	C:\Windows\system32\PSAPI.DLL
0x0000000073070000 - 0x000000007307f000 	C:\Program Files\Java\jdk1.8.0_05\jre\bin\verify.dll
0x0000000072c90000 - 0x0000000072cb8000 	C:\Program Files\Java\jdk1.8.0_05\jre\bin\java.dll
0x0000000072c10000 - 0x0000000072c26000 	C:\Program Files\Java\jdk1.8.0_05\jre\bin\zip.dll
0x000007fefd020000 - 0x000007fefdda8000 	C:\Windows\system32\SHELL32.dll
0x000007fefe430000 - 0x000007fefe633000 	C:\Windows\system32\ole32.dll
0x000007fefcbf0000 - 0x000007fefcbff000 	C:\Windows\system32\profapi.dll
0x000007fefc4c0000 - 0x000007fefc4d7000 	C:\Windows\system32\CRYPTSP.dll
0x000007fefc1c0000 - 0x000007fefc207000 	C:\Windows\system32\rsaenh.dll
0x000007fefbb00000 - 0x000007fefbb1e000 	C:\Windows\system32\USERENV.dll
0x000007fefcb20000 - 0x000007fefcb2f000 	C:\Windows\system32\CRYPTBASE.dll
0x0000000072bf0000 - 0x0000000072c0a000 	C:\Program Files\Java\jdk1.8.0_05\jre\bin\net.dll
0x000007fefc460000 - 0x000007fefc4b5000 	C:\Windows\system32\mswsock.dll
0x000007fefc450000 - 0x000007fefc457000 	C:\Windows\System32\wship6.dll
0x000007fefa6a0000 - 0x000007fefa6c7000 	C:\Windows\system32\IPHLPAPI.DLL
0x000007fefa680000 - 0x000007fefa68b000 	C:\Windows\system32\WINNSI.DLL
0x000007fefa420000 - 0x000007fefa438000 	C:\Windows\system32\dhcpcsvc.DLL
0x000007fefa400000 - 0x000007fefa411000 	C:\Windows\system32\dhcpcsvc6.DLL
0x0000000072bd0000 - 0x0000000072be1000 	C:\Program Files\Java\jdk1.8.0_05\jre\bin\nio.dll
0x000007fef4f60000 - 0x000007fef4f74000 	C:\Users\lott\AppData\Local\Temp\native-platform2680831342102422603dir\native-platform-windows-amd64.dll
0x000007fefcac0000 - 0x000007fefcb17000 	C:\Windows\system32\apphelp.dll
0x000000006bcf0000 - 0x000000006bd14000 	C:\Program Files\Java\jdk1.8.0_05\jre\bin\sunec.dll
0x000007fefb9e0000 - 0x000007fefb9e7000 	C:\Windows\System32\wshtcpip.dll
0x000007fefc2e0000 - 0x000007fefc33b000 	C:\Windows\system32\DNSAPI.dll
0x000000006f0d0000 - 0x000000006f105000 	C:\Program Files\Bonjour\mdnsNSP.dll
0x000007fef82d0000 - 0x000007fef82ff000 	C:\Program Files\Common Files\Microsoft Shared\Windows Live\WLIDNSP.DLL
0x000007fef82c0000 - 0x000007fef82c8000 	C:\Windows\system32\rasadhlp.dll
0x000007fefa4c0000 - 0x000007fefa513000 	C:\Windows\System32\fwpuclnt.dll

VM Arguments:
jvm_args: -XX:MaxPermSize=256m -XX:+HeapDumpOnOutOfMemoryError -Xmx1024m -Dfile.encoding=windows-1252 
java_command: org.gradle.launcher.daemon.bootstrap.GradleDaemon 1.10 C:\Users\lott\.gradle\daemon 10800000 34df8bfe-cb47-4666-ad39-611ccd07683c -XX:MaxPermSize=256m -XX:+HeapDumpOnOutOfMemoryError -Xmx1024m -Dfile.encoding=windows-1252
java_class_path (initial): C:\Users\lott\.gradle\wrapper\dists\gradle-1.10-all\6vpvhqu0efs1fqmqr2decq1v12\gradle-1.10\lib\gradle-launcher-1.10.jar
Launcher Type: SUN_STANDARD

Environment Variables:
JAVA_HOME=C:\Program Files\Java\jdk1.8.0_05
CLASSPATH=.;C:\Program Files (x86)\QuickTime\QTSystem\QTJava.zip
PATH=C:\Program Files (x86)\NVIDIA Corporation\PhysX\Common;C:\Program Files\Common Files\Microsoft Shared\Windows Live;C:\Program Files (x86)\Common Files\Microsoft Shared\Windows Live;C:\Windows\system32;C:\Windows;C:\Windows\System32\Wbem;C:\Windows\System32\WindowsPowerShell\v1.0\;C:\Program Files\Intel\WiFi\bin\;C:\Program Files\Common Files\Intel\WirelessCommon\;C:\Program Files (x86)\QuickTime\QTSystem\;C:\Program Files (x86)\Common Files\Roxio Shared\DLLShared\;C:\Program Files (x86)\Windows Live\Shared;C:\Android;C:\Program Files (x86)\Microsoft ASP.NET\ASP.NET Web Pages\v1.0\;C:\Program Files\Microsoft SQL Server\110\Tools\Binn\;C:\Program Files (x86)\Windows Kits\8.1\Windows Performance Toolkit\;C:\Program Files\Microsoft\Web Platform Installer\;C:\Program Files (x86)\Microsoft Team Foundation Server 2013 Power Tools\;C:\Program Files (x86)\Microsoft Team Foundation Server 2013 Power Tools\Best Practices Analyzer\;C:\Program Files (x86)\Common Files\ThinPrint\
USERNAME=lott
OS=Windows_NT
PROCESSOR_IDENTIFIER=Intel64 Family 6 Model 30 Stepping 5, GenuineIntel



---------------  S Y S T E M  ---------------

OS: Windows 7 , 64 bit Build 7601 Service Pack 1

CPU:total 8 (4 cores per cpu, 2 threads per core) family 6 model 30 stepping 5, cmov, cx8, fxsr, mmx, sse, sse2, sse3, ssse3, sse4.1, sse4.2, popcnt, ht, tsc, tscinvbit

Memory: 4k page, physical 8319364k(1806996k free), swap 8829500k(4124k free)

vm_info: Java HotSpot(TM) 64-Bit Server VM (25.5-b02) for windows-amd64 JRE (1.8.0_05-b13), built on Mar 18 2014 01:08:39 by "java_re" with MS VC++ 10.0 (VS2010)

time: Sun Jun 08 12:05:10 2014
elapsed time: 2858 seconds

