JvmtiExport can_access_local_variables 0
JvmtiExport can_hotswap_or_post_breakpoint 0
JvmtiExport can_post_on_exceptions 0
# 101 ciObject found
instanceKlass com/android/builder/internal/compiler/PreDexCache$Item
instanceKlass com/android/builder/internal/compiler/PreDexCache$Key
instanceKlass com/google/common/hash/Funnel
instanceKlass com/google/common/hash/Funnel
instanceKlass com/google/common/hash/Funnels
instanceKlass com/google/common/hash/Funnels
instanceKlass com/google/common/hash/AbstractHasher
instanceKlass com/google/common/hash/AbstractHasher
instanceKlass java/nio/channels/FileChannel$MapMode
instanceKlass com/google/common/io/ByteProcessor
instanceKlass com/google/common/hash/Hasher
instanceKlass com/google/common/hash/Hasher
instanceKlass com/google/common/hash/AbstractStreamingHashFunction
instanceKlass com/google/common/hash/AbstractStreamingHashFunction
instanceKlass com/google/common/hash/HashFunction
instanceKlass com/google/common/hash/HashFunction
instanceKlass com/google/common/hash/Hashing
instanceKlass com/google/common/hash/Hashing
instanceKlass org/gradle/api/internal/changedetection/changes/RebuildIncrementalTaskInputs$1
instanceKlass com/android/build/gradle/tasks/PreDex$1
instanceKlass org/gradle/api/internal/changedetection/changes/RebuildIncrementalTaskInputs$RebuildInputFile
instanceKlass com/android/ide/common/internal/WaitableExecutor$TaskResult
instanceKlass com/google/common/collect/StandardTable$Row$RowEntrySet$1
instanceKlass com/google/common/collect/StandardTable$RowMap$EntrySet$1
instanceKlass com/google/common/collect/Tables$AbstractCell
instanceKlass com/google/common/collect/Tables$1
instanceKlass com/google/common/collect/Table$Cell
instanceKlass com/google/common/collect/RowSortedTable
instanceKlass com/google/common/collect/Tables
instanceKlass com/google/common/collect/StandardTable$CellIterator
instanceKlass com/google/common/base/AbstractIterator$1
instanceKlass com/google/common/base/Splitter$5
instanceKlass com/google/common/base/AbstractIterator
instanceKlass com/google/common/base/Splitter$1
instanceKlass com/google/common/base/CharMatcher
instanceKlass com/google/common/base/Splitter$Strategy
instanceKlass com/google/common/base/Splitter
instanceKlass com/android/builder/internal/SymbolWriter
instanceKlass com/android/builder/internal/SymbolLoader$SymbolEntry
instanceKlass com/google/common/collect/HashBasedTable$Factory
instanceKlass com/google/common/base/Supplier
instanceKlass com/google/common/collect/AbstractTable
instanceKlass com/google/common/io/LineBuffer
instanceKlass com/google/common/io/LineReader
instanceKlass com/google/common/io/CharStreams
instanceKlass com/google/common/io/Files$1
instanceKlass com/google/common/collect/Table
instanceKlass com/android/builder/internal/SymbolLoader
instanceKlass com/android/utils/GrabProcessOutput
instanceKlass com/google/common/collect/TransformedIterator
instanceKlass com/google/common/base/Optional
instanceKlass com/android/build/gradle/tasks/ManifestProcessorTask$1
instanceKlass com/google/common/collect/Iterables
instanceKlass org/gradle/cache/internal/btree/FreeListBlockStore$FreeListEntry
instanceKlass com/google/common/io/CharSink
instanceKlass com/google/common/base/Strings
instanceKlass com/android/ide/common/xml/XmlAttributeSortOrder$3
instanceKlass com/android/ide/common/xml/XmlAttributeSortOrder$2
instanceKlass com/android/ide/common/xml/XmlAttributeSortOrder$1
instanceKlass com/android/ide/common/xml/XmlFormatPreferences
instanceKlass com/android/ide/common/xml/XmlPrettyPrinter
instanceKlass com/android/ide/common/res2/NodeUtils
instanceKlass com/google/common/io/ByteArrayDataInput
instanceKlass com/google/common/io/ByteArrayDataOutput
instanceKlass com/google/common/io/ByteStreams
instanceKlass com/android/utils/SdkUtils
instanceKlass com/android/ide/common/res2/MergedResourceWriter$1
instanceKlass com/android/ide/common/internal/ExecutorSingleton
instanceKlass com/android/ide/common/internal/WaitableExecutor
instanceKlass com/android/ide/common/internal/AaptCruncher
instanceKlass com/android/ide/common/res2/MergeWriter
instanceKlass com/android/resources/FolderTypeRelationship
instanceKlass com/android/ide/common/res2/DataSet$1
instanceKlass com/android/ide/common/packaging/PackagingUtils
instanceKlass java/lang/invoke/SerializedLambda
instanceKlass com/google/common/collect/AbstractMapBasedMultimap$KeySet$1
instanceKlass com/android/ide/common/res2/ValueResourceParser2
instanceKlass com/android/layoutlib/api/IStyleResourceValue
instanceKlass com/android/layoutlib/api/IDensityBasedResourceValue
instanceKlass com/android/ide/common/rendering/api/ResourceReference
instanceKlass com/android/layoutlib/api/IResourceValue
instanceKlass com/android/ide/common/res2/DataMerger
instanceKlass org/gradle/api/internal/changedetection/rules/FileChange
instanceKlass sun/security/jca/GetInstance$1
instanceKlass com/google/common/io/Closer$SuppressingSuppressor
instanceKlass com/google/common/io/Closer$Suppressor
instanceKlass com/google/common/io/Closer
instanceKlass com/google/common/io/CharSource
instanceKlass com/google/common/hash/PrimitiveSink
instanceKlass com/google/common/collect/FluentIterable
instanceKlass com/google/common/io/ByteSource
instanceKlass com/google/common/io/InputSupplier
instanceKlass com/google/common/io/ByteSink
instanceKlass com/google/common/io/OutputSupplier
instanceKlass com/google/common/io/LineProcessor
instanceKlass com/google/common/collect/TreeTraverser
instanceKlass com/google/common/io/Files
instanceKlass com/android/utils/XmlUtils
instanceKlass com/android/xml/AndroidXPathFactory$AndroidNamespaceContext
instanceKlass com/android/xml/AndroidXPathFactory
instanceKlass com/android/sdklib/internal/androidTarget/AddOnTarget$OptionalLibrary
instanceKlass com/android/sdklib/IAndroidTarget$IOptionalLibrary
instanceKlass com/android/sdklib/internal/androidTarget/AddOnTarget
instanceKlass com/android/utils/ArrayUtils
instanceKlass com/android/utils/SparseArray
instanceKlass com/android/sdklib/repository/descriptors/PkgDesc$Builder$1
instanceKlass com/android/sdklib/internal/androidTarget/PlatformTarget
instanceKlass com/android/sdklib/SystemImage
instanceKlass com/android/sdklib/ISystemImage
instanceKlass com/android/sdklib/SdkManager$LayoutlibVersion
instanceKlass com/android/io/IAbstractFolder
instanceKlass com/android/sdklib/internal/project/ProjectProperties
instanceKlass com/android/sdklib/internal/project/IPropertySource
instanceKlass com/android/sdklib/repository/descriptors/IPkgDescAddon
instanceKlass com/android/sdklib/repository/descriptors/IdDisplay
instanceKlass com/android/sdklib/repository/FullRevision$1
instanceKlass com/android/sdklib/AndroidTargetHash
instanceKlass com/android/sdklib/repository/descriptors/PkgDesc
instanceKlass com/android/sdklib/repository/descriptors/PkgDesc$Builder$3
instanceKlass com/android/sdklib/repository/descriptors/PkgDesc$IIsUpdateFor
instanceKlass com/android/sdklib/repository/descriptors/PkgDesc$IGetPath
instanceKlass com/android/sdklib/repository/descriptors/IPkgDesc
instanceKlass com/android/sdklib/repository/descriptors/PkgDesc$Builder
instanceKlass com/android/sdklib/AndroidVersion
instanceKlass com/android/sdklib/internal/repository/packages/PackageParserUtils
instanceKlass com/android/sdklib/repository/local/LocalDirInfo$1
instanceKlass com/android/sdklib/repository/local/LocalDirInfo
instanceKlass com/android/sdklib/repository/local/LocalSdk$1
instanceKlass com/google/common/hash/HashCode
instanceKlass com/android/builder/internal/compiler/PreDexCache
instanceKlass org/gradle/api/internal/file/copy/DefaultCopySpec$1
instanceKlass com/android/ide/common/resources/configuration/Configurable
instanceKlass com/android/ide/common/res2/ResourceSet$FolderData
instanceKlass com/android/ide/common/res2/MergeConsumer
instanceKlass com/android/ide/common/res2/DataItem
instanceKlass com/android/ide/common/res2/DataFile
instanceKlass com/android/build/gradle/internal/tasks/SigningReportTask$SigningInfo
instanceKlass com/android/build/gradle/internal/api/BaseVariantImpl
instanceKlass com/android/build/gradle/internal/api/TestedVariant
instanceKlass com/android/builder/testing/api/DeviceConnector
instanceKlass com/android/ddmlib/IShellEnabledDevice
instanceKlass com/google/common/collect/SortedIterable
instanceKlass com/android/sdklib/io/FileOp
instanceKlass com/google/common/collect/Ordering
instanceKlass com/google/common/collect/SortedSetMultimap
instanceKlass com/google/common/collect/SetMultimap
instanceKlass com/android/sdklib/repository/local/LocalPkgInfo
instanceKlass com/android/sdklib/internal/repository/IListDescription
instanceKlass com/android/sdklib/internal/repository/IDescription
instanceKlass com/android/sdklib/io/IFileOp
instanceKlass com/android/sdklib/repository/local/LocalSdk
instanceKlass com/android/sdklib/repository/descriptors/IPkgCapabilities
instanceKlass com/android/build/gradle/internal/publishing/ApkPublishArtifact$DefaultTaskDependency
instanceKlass com/android/build/gradle/internal/publishing/ApkPublishArtifact
instanceKlass com/android/tools/lint/client/api/IssueRegistry
instanceKlass com/android/build/gradle/internal/StringHelper
instanceKlass com/android/builder/internal/incremental/DependencyData
instanceKlass com/android/build/gradle/internal/dependency/SymbolFileProviderImpl
instanceKlass com/android/ide/common/res2/FileValidity
instanceKlass com/android/build/gradle/internal/dependency/ManifestDependencyImpl
instanceKlass com/android/utils/Pair
instanceKlass com/android/ide/common/res2/DataSet
instanceKlass com/android/ide/common/res2/DataMap
instanceKlass com/android/ide/common/res2/SourceSet
instanceKlass com/google/common/collect/AbstractMapBasedMultimap$WrappedCollection$WrappedIterator
instanceKlass com/google/common/collect/AbstractMapBasedMultimap$Itr
instanceKlass com/android/builder/model/MavenCoordinates
instanceKlass com/android/build/gradle/internal/dependency/DependencyChecker
instanceKlass com/google/common/collect/AbstractMapEntry
instanceKlass com/google/common/collect/AbstractMapBasedMultimap$AsMap$AsMapIterator
instanceKlass com/android/builder/internal/MergedNdkConfig
instanceKlass com/android/io/IAbstractFile
instanceKlass com/android/io/IAbstractResource
instanceKlass com/android/builder/core/DefaultManifestParser
instanceKlass com/android/builder/core/ManifestParser
instanceKlass com/android/builder/model/BuildTypeContainer
instanceKlass com/android/builder/model/ProductFlavorContainer
instanceKlass com/android/builder/model/JavaCompileOptions
instanceKlass com/android/builder/model/AndroidProject
instanceKlass com/google/common/collect/Iterators$2
instanceKlass com/google/common/collect/PeekingIterator
instanceKlass com/google/common/collect/Iterators
instanceKlass com/android/sdklib/SdkManager
instanceKlass com/google/common/collect/ObjectArrays
instanceKlass com/google/common/primitives/Ints
instanceKlass com/android/builder/sdk/DefaultSdkLoader
instanceKlass com/android/SdkConstants
instanceKlass com/android/builder/core/DefaultApiVersion
instanceKlass com/google/common/base/Objects$ToStringHelper$ValueHolder
instanceKlass com/google/common/base/Objects$ToStringHelper
instanceKlass com/google/common/base/Objects
instanceKlass com/android/prefs/AndroidLocation
instanceKlass com/android/ide/common/signing/KeystoreHelper
instanceKlass com/android/build/gradle/internal/VariantFilterImpl
instanceKlass com/android/build/gradle/api/VariantFilter
instanceKlass com/android/build/gradle/internal/BuildTypeData
instanceKlass com/android/builder/signing/DefaultSigningConfig
instanceKlass com/android/build/gradle/internal/variant/TestedVariantData
instanceKlass com/android/build/gradle/internal/variant/ApplicationVariantFactory
instanceKlass com/android/build/gradle/internal/ProductFlavorData$ConfigurationProviderImpl
instanceKlass com/android/build/gradle/internal/api/DefaultAndroidSourceFile
instanceKlass com/android/build/gradle/internal/api/DefaultAndroidSourceDirectorySet
instanceKlass com/android/build/gradle/api/AndroidSourceFile
instanceKlass com/android/build/gradle/api/AndroidSourceDirectorySet
instanceKlass com/android/build/gradle/internal/dsl/AndroidSourceSetFactory
instanceKlass com/android/tools/lint/LintCliFlags
instanceKlass com/android/tools/lint/client/api/LintClient
instanceKlass com/android/build/gradle/internal/dsl/NdkConfigDsl
instanceKlass com/android/builder/model/ApiVersion
instanceKlass com/android/builder/model/NdkConfig
instanceKlass com/android/builder/core/BuilderConstants
instanceKlass com/google/common/collect/Lists
instanceKlass com/android/build/gradle/api/ApplicationVariant
instanceKlass com/android/build/gradle/internal/dsl/PackagingOptionsImpl
instanceKlass com/android/build/gradle/internal/CompileOptions
instanceKlass com/android/build/gradle/internal/test/TestOptions
instanceKlass com/android/build/gradle/internal/coverage/JacocoExtension
instanceKlass com/android/build/gradle/internal/dsl/DexOptionsImpl
instanceKlass com/android/build/gradle/api/TestVariant
instanceKlass com/android/build/gradle/api/ApkVariant
instanceKlass com/android/builder/testing/api/TestServer
instanceKlass com/android/build/gradle/internal/dsl/LintOptionsImpl
instanceKlass com/android/builder/model/LintOptions
instanceKlass com/android/build/gradle/internal/dsl/AaptOptionsImpl
instanceKlass com/android/build/gradle/internal/dsl/SigningConfigFactory
instanceKlass com/android/build/gradle/internal/dsl/GroupableProductFlavorFactory
instanceKlass com/android/build/gradle/internal/dsl/BuildTypeFactory
instanceKlass com/android/builder/internal/BaseConfigImpl
instanceKlass com/android/build/gradle/internal/model/VariantImpl
instanceKlass com/android/builder/model/Variant
instanceKlass com/android/build/gradle/internal/model/ModelBuilder
instanceKlass java/util/AbstractList$1
instanceKlass com/android/manifmerger/ManifestMerger2$Invoker
instanceKlass com/android/sdklib/BuildToolInfo
instanceKlass com/android/builder/model/PackagingOptions
instanceKlass com/android/builder/core/DexOptions
instanceKlass com/android/manifmerger/ManifestMerger
instanceKlass com/google/common/collect/ImmutableCollection$Builder
instanceKlass com/android/builder/sdk/TargetInfo
instanceKlass com/android/builder/core/VariantConfiguration
instanceKlass com/android/builder/testing/TestData
instanceKlass com/android/builder/model/AaptOptions
instanceKlass com/android/sdklib/IAndroidTarget
instanceKlass com/android/manifmerger/XmlDocument
instanceKlass com/android/ide/common/internal/CommandLineRunner
instanceKlass com/android/builder/core/AndroidBuilder$1
instanceKlass com/android/builder/internal/packaging/JavaResourceProcessor$IArchiveBuilder
instanceKlass com/android/builder/internal/compiler/SourceSearcher$SourceFileProcessor
instanceKlass com/android/ide/common/internal/CommandLineRunner$CommandLineOutput
instanceKlass com/android/utils/GrabProcessOutput$IProcessOutput
instanceKlass com/android/ide/common/internal/PngCruncher
instanceKlass com/android/builder/model/ClassField
instanceKlass com/android/manifmerger/ICallback
instanceKlass com/android/builder/compiling/DependencyFileProcessor
instanceKlass com/google/common/io/Closeables
instanceKlass com/google/common/base/Charsets
instanceKlass com/android/builder/sdk/SdkLoader
instanceKlass com/android/sdklib/repository/FullRevision
instanceKlass com/android/build/gradle/internal/api/DefaultAndroidSourceSet
instanceKlass com/android/build/gradle/api/AndroidSourceSet
instanceKlass com/android/build/gradle/internal/SdkHandler
instanceKlass com/android/build/gradle/internal/LoggerWrapper
instanceKlass com/android/build/gradle/internal/coverage/JacocoPlugin
instanceKlass com/android/builder/model/SigningConfig
instanceKlass com/android/builder/model/AndroidArtifact
instanceKlass com/android/builder/model/SourceProviderContainer
instanceKlass com/android/builder/model/JavaArtifact
instanceKlass com/android/builder/model/BaseArtifact
instanceKlass com/android/builder/model/ArtifactMetaData
instanceKlass com/android/builder/dependency/JarDependency
instanceKlass com/android/build/gradle/internal/test/PluginHolder
instanceKlass com/android/builder/sdk/SdkInfo
